<?xml version="1.0" encoding="UTF-8"?>
<coverage generated="1737799229753" clover="3.2.0">
  <project timestamp="1737799229753" name="All files">
    <metrics statements="13" coveredstatements="12" conditionals="6" coveredconditionals="6" methods="8" coveredmethods="7" elements="27" coveredelements="25" complexity="0" loc="13" ncloc="13" packages="2" files="2" classes="2"/>
    <package name="components">
      <metrics statements="13" coveredstatements="12" conditionals="6" coveredconditionals="6" methods="8" coveredmethods="7"/>
      <file name="Launching.tsx" path="D:\Talentlo\talentlo-frontend\src\components\Launching.tsx">
        <metrics statements="13" coveredstatements="12" conditionals="6" coveredconditionals="6" methods="8" coveredmethods="7"/>
        <line num="9" count="1" type="stmt"/>
        <line num="29" count="1" type="stmt"/>
        <line num="30" count="9" type="stmt"/>
        <line num="31" count="9" type="stmt"/>
        <line num="33" count="9" type="stmt"/>
        <line num="34" count="2" type="stmt"/>
        <line num="35" count="2" type="stmt"/>
        <line num="36" count="6" type="cond" truecount="2" falsecount="0"/>
        <line num="41" count="9" type="stmt"/>
        <line num="53" count="27" type="stmt"/>
        <line num="56" count="2" type="stmt"/>
        <line num="75" count="1" type="stmt"/>
        <line num="90" count="0" type="stmt"/>
      </file>
    </package>
    <package name="tests">
      <metrics statements="0" coveredstatements="0" conditionals="0" coveredconditionals="0" methods="0" coveredmethods="0"/>
      <file name="setupTests.ts" path="D:\Talentlo\talentlo-frontend\src\tests\setupTests.ts">
        <metrics statements="0" coveredstatements="0" conditionals="0" coveredconditionals="0" methods="0" coveredmethods="0"/>
      </file>
    </package>
  </project>
</coverage>
