{"D:\\Talentlo\\talentlo-frontend\\src\\components\\Launching.tsx": {"path":"D:\\Talentlo\\talentlo-frontend\\src\\components\\Launching.tsx","statementMap":{"0":{"start":{"line":9,"column":24},"end":{"line":27,"column":1}},"1":{"start":{"line":29,"column":28},"end":{"line":111,"column":1}},"2":{"start":{"line":30,"column":42},"end":{"line":30,"column":89}},"3":{"start":{"line":31,"column":34},"end":{"line":31,"column":59}},"4":{"start":{"line":33,"column":20},"end":{"line":39,"column":3}},"5":{"start":{"line":34,"column":4},"end":{"line":38,"column":6}},"6":{"start":{"line":35,"column":6},"end":{"line":37,"column":7}},"7":{"start":{"line":36,"column":8},"end":{"line":36,"column":59}},"8":{"start":{"line":41,"column":2},"end":{"line":110,"column":4}},"9":{"start":{"line":53,"column":14},"end":{"line":62,"column":20}},"10":{"start":{"line":56,"column":33},"end":{"line":56,"column":49}},"11":{"start":{"line":75,"column":34},"end":{"line":75,"column":59}},"12":{"start":{"line":90,"column":34},"end":{"line":90,"column":63}}},"fnMap":{"0":{"name":"(anonymous_0)","decl":{"start":{"line":29,"column":28},"end":{"line":29,"column":29}},"loc":{"start":{"line":29,"column":34},"end":{"line":111,"column":1}},"line":29},"1":{"name":"(anonymous_1)","decl":{"start":{"line":33,"column":20},"end":{"line":33,"column":21}},"loc":{"start":{"line":33,"column":39},"end":{"line":39,"column":3}},"line":33},"2":{"name":"(anonymous_2)","decl":{"start":{"line":34,"column":16},"end":{"line":34,"column":17}},"loc":{"start":{"line":35,"column":6},"end":{"line":37,"column":7}},"line":35},"3":{"name":"(anonymous_3)","decl":{"start":{"line":35,"column":19},"end":{"line":35,"column":20}},"loc":{"start":{"line":36,"column":8},"end":{"line":36,"column":59}},"line":36},"4":{"name":"(anonymous_4)","decl":{"start":{"line":52,"column":26},"end":{"line":52,"column":27}},"loc":{"start":{"line":53,"column":14},"end":{"line":62,"column":20}},"line":53},"5":{"name":"(anonymous_5)","decl":{"start":{"line":56,"column":27},"end":{"line":56,"column":28}},"loc":{"start":{"line":56,"column":33},"end":{"line":56,"column":49}},"line":56},"6":{"name":"(anonymous_6)","decl":{"start":{"line":75,"column":28},"end":{"line":75,"column":29}},"loc":{"start":{"line":75,"column":34},"end":{"line":75,"column":59}},"line":75},"7":{"name":"(anonymous_7)","decl":{"start":{"line":90,"column":28},"end":{"line":90,"column":29}},"loc":{"start":{"line":90,"column":34},"end":{"line":90,"column":63}},"line":90}},"branchMap":{"0":{"loc":{"start":{"line":36,"column":8},"end":{"line":36,"column":59}},"type":"cond-expr","locations":[{"start":{"line":36,"column":22},"end":{"line":36,"column":53}},{"start":{"line":36,"column":56},"end":{"line":36,"column":59}}],"line":36},"1":{"loc":{"start":{"line":59,"column":25},"end":{"line":59,"column":47}},"type":"cond-expr","locations":[{"start":{"line":59,"column":38},"end":{"line":59,"column":41}},{"start":{"line":59,"column":44},"end":{"line":59,"column":47}}],"line":59},"2":{"loc":{"start":{"line":61,"column":17},"end":{"line":61,"column":81}},"type":"binary-expr","locations":[{"start":{"line":61,"column":17},"end":{"line":61,"column":27}},{"start":{"line":61,"column":31},"end":{"line":61,"column":81}}],"line":61}},"s":{"0":1,"1":1,"2":9,"3":9,"4":9,"5":2,"6":2,"7":6,"8":9,"9":27,"10":2,"11":1,"12":0},"f":{"0":9,"1":2,"2":2,"3":6,"4":27,"5":2,"6":1,"7":0},"b":{"0":[2,4],"1":[1,26],"2":[27,1]},"_coverageSchema":"1a1c01bbd47fc00a2c39e90264f33305004495a9","hash":"6e8f8fb9d7974c321dbe352910b79479aa152ee2"}
,"D:\\Talentlo\\talentlo-frontend\\src\\tests\\setupTests.ts": {"path":"D:\\Talentlo\\talentlo-frontend\\src\\tests\\setupTests.ts","statementMap":{},"fnMap":{},"branchMap":{},"s":{},"f":{},"b":{}}
}
