TN:
SF:src\components\Launching.tsx
FN:29,(anonymous_0)
FN:33,(anonymous_1)
FN:34,(anonymous_2)
FN:35,(anonymous_3)
FN:52,(anonymous_4)
FN:56,(anonymous_5)
FN:75,(anonymous_6)
FN:90,(anonymous_7)
FNF:8
FNH:7
FNDA:9,(anonymous_0)
FNDA:2,(anonymous_1)
FNDA:2,(anonymous_2)
FNDA:6,(anonymous_3)
FNDA:27,(anonymous_4)
FNDA:2,(anonymous_5)
FNDA:1,(anonymous_6)
FNDA:0,(anonymous_7)
DA:9,1
DA:29,1
DA:30,9
DA:31,9
DA:33,9
DA:34,2
DA:35,2
DA:36,6
DA:41,9
DA:53,27
DA:56,2
DA:75,1
DA:90,0
LF:13
LH:12
BRDA:36,0,0,2
BRDA:36,0,1,4
BRDA:59,1,0,1
BRDA:59,1,1,26
BRDA:61,2,0,27
BRDA:61,2,1,1
BRF:6
BRH:6
end_of_record
TN:
SF:src\tests\setupTests.ts
FNF:0
FNH:0
LF:0
LH:0
BRF:0
BRH:0
end_of_record
